<?xml version="1.0" encoding="UTF-8"?>
<!-- Generated by org.testng.reporters.JUnitReportReporter -->
<testsuite skipped="0" hostname="DESKTOP-D9VQO73" name="pkgTest.TestEclipseGitHub" tests="1" failures="0" timestamp="09 Oct 2018 02:56:27 GMT" time="0.008" errors="0">
  <testcase name="test" time="0.008" classname="pkgTest.TestEclipseGitHub"/>
</testsuite> <!-- pkgTest.TestEclipseGitHub -->
